0 info it worked if it ends with ok
1 verbose cli [ 'C:\\Program Files\\nodejs\\node.exe',
1 verbose cli   'C:\\Program Files\\nodejs\\node_modules\\npm\\bin\\npm-cli.js',
1 verbose cli   'run',
1 verbose cli   'lite' ]
2 info using npm@3.10.10
3 info using node@v6.9.5
4 verbose run-script [ 'prelite', 'lite', 'postlite' ]
5 info lifecycle helloAngular@1.0.0~prelite: helloAngular@1.0.0
6 silly lifecycle helloAngular@1.0.0~prelite: no script for prelite, continuing
7 info lifecycle helloAngular@1.0.0~lite: helloAngular@1.0.0
8 verbose lifecycle helloAngular@1.0.0~lite: unsafe-perm in lifecycle true
9 verbose lifecycle helloAngular@1.0.0~lite: PATH: C:\Program Files\nodejs\node_modules\npm\bin\node-gyp-bin;d:\helloAngular\node_modules\.bin;C:\Program Files\nodejs\node_modules\npm\bin\node-gyp-bin;d:\helloAngular\node_modules\.bin;C:\ProgramData\Oracle\Java\javapath;C:\Windows\system32;C:\Windows;C:\Windows\System32\Wbem;C:\Windows\System32\WindowsPowerShell\v1.0\;C:\Program Files\TortoiseGit\bin;C:\Program Files\nodejs\;C:\Program Files\Git\cmd;C:\RailsInstaller\Git\cmd;C:\RailsInstaller\Ruby2.3.0\bin;C:\ProgramData\Oracle\Java\javapath;C:\Windows\system32;C:\Windows;C:\Windows\System32\Wbem;C:\Windows\System32\WindowsPowerShell\v1.0\;C:\Program Files\TortoiseGit\bin;C:\Program Files\nodejs\;C:\Program Files\Git\cmd;C:\Program Files\Java\jdk1.7.0_97\bin;D:\apache-maven-3.0.3\bin;C:\Program Files (x86)\Microsoft VS Code\bin;C:\Users\399536\AppData\Roaming\npm;C:\Program Files\MongoDB\Server\3.3\bin;C:\Program Files\Docker Toolbox;C:\Program Files\Heroku\bin
10 verbose lifecycle helloAngular@1.0.0~lite: CWD: d:\helloAngular
11 silly lifecycle helloAngular@1.0.0~lite: Args: [ '/d /s /c', 'lite-server' ]
12 silly lifecycle helloAngular@1.0.0~lite: Returned: code: 3  signal: null
13 info lifecycle helloAngular@1.0.0~lite: Failed to exec lite script
14 verbose stack Error: helloAngular@1.0.0 lite: `lite-server`
14 verbose stack Exit status 3
14 verbose stack     at EventEmitter.<anonymous> (C:\Program Files\nodejs\node_modules\npm\lib\utils\lifecycle.js:255:16)
14 verbose stack     at emitTwo (events.js:106:13)
14 verbose stack     at EventEmitter.emit (events.js:191:7)
14 verbose stack     at ChildProcess.<anonymous> (C:\Program Files\nodejs\node_modules\npm\lib\utils\spawn.js:40:14)
14 verbose stack     at emitTwo (events.js:106:13)
14 verbose stack     at ChildProcess.emit (events.js:191:7)
14 verbose stack     at maybeClose (internal/child_process.js:877:16)
14 verbose stack     at Process.ChildProcess._handle.onexit (internal/child_process.js:226:5)
15 verbose pkgid helloAngular@1.0.0
16 verbose cwd d:\helloAngular
17 error Windows_NT 6.1.7601
18 error argv "C:\\Program Files\\nodejs\\node.exe" "C:\\Program Files\\nodejs\\node_modules\\npm\\bin\\npm-cli.js" "run" "lite"
19 error node v6.9.5
20 error npm  v3.10.10
21 error code ELIFECYCLE
22 error helloAngular@1.0.0 lite: `lite-server`
22 error Exit status 3
23 error Failed at the helloAngular@1.0.0 lite script 'lite-server'.
23 error Make sure you have the latest version of node.js and npm installed.
23 error If you do, this is most likely a problem with the helloAngular package,
23 error not with npm itself.
23 error Tell the author that this fails on your system:
23 error     lite-server
23 error You can get information on how to open an issue for this project with:
23 error     npm bugs helloAngular
23 error Or if that isn't available, you can get their info via:
23 error     npm owner ls helloAngular
23 error There is likely additional logging output above.
24 verbose exit [ 1, true ]
